2023-09-03 20:05:21 - Please select pcap!
2023-09-03 20:13:22 - Error while opening file for capture: C:\北邮\工科\大三上开学小学期\新建文件夹\data.pcap: No such file or directory
2023-09-03 20:15:31 - You select: C:\北邮\工科\大三上开学小学期\新建文件夹\data.pcap
2023-09-03 20:15:31 - Out folder: C:\北邮\工科\大三上开学小学期\新建文件夹
2023-09-03 20:15:32 - CICFlowMeter received 1 pcap file
2023-09-03 20:15:32 - Error while opening file for capture: C:\北邮\工科\大三上开学小学期\新建文件夹\data.pcap: No such file or directory
2023-09-03 20:16:46 - You select: C:\Users\zjy\Desktop\wire.pcap
2023-09-03 20:16:46 - Out folder: C:\Users\zjy\Desktop
2023-09-03 20:16:46 - CICFlowMeter received 1 pcap file
2023-09-03 20:19:50 - You select: C:\北邮\工科\大三上开学小学期\cic程序\cicflowmeter-4\CICFlowMeter-4.0\文件\192.168.0.178.pcap
2023-09-03 20:19:50 - Out folder: C:\北邮\工科\大三上开学小学期\cic程序\cicflowmeter-4\CICFlowMeter-4.0\文件
2023-09-03 20:19:50 - CICFlowMeter received 1 pcap file
2023-09-03 20:19:50 - Error while opening file for capture: C:\北邮\工科\大三上开学小学期\cic程序\cicflowmeter-4\CICFlowMeter-4.0\文件\192.168.0.178.pcap: No such file or directory
2023-09-03 20:21:09 - You select: C:\Users\zjy\Desktop\files\192.168.0.178.pcap
2023-09-03 20:21:09 - Out folder: C:\Users\zjy\Desktop\files
2023-09-03 20:21:09 - CICFlowMeter received 1 pcap file
2023-09-03 20:27:11 - Pcap is listening...
2023-09-03 20:27:18 - Pcap stop listening
2023-09-03 20:27:18 - path:C:\北邮\工科\大三上开学小学期\cic程序\cicflowmeter-4\CICFlowMeter-4.0\bin\data\daily\2023-09-03_Flow.csv
2023-09-03 20:27:20 - Pcap is listening...
2023-09-03 20:27:24 - Pcap stop listening
2023-09-03 20:27:24 - path:C:\北邮\工科\大三上开学小学期\cic程序\cicflowmeter-4\CICFlowMeter-4.0\bin\data\daily\2023-09-03_Flow.csv
2023-09-03 20:27:25 - Pcap is listening...
2023-09-03 20:27:27 - Pcap stop listening
2023-09-03 20:27:27 - path:C:\北邮\工科\大三上开学小学期\cic程序\cicflowmeter-4\CICFlowMeter-4.0\bin\data\daily\2023-09-03_Flow.csv
2023-09-03 20:59:50 - Please select pcap!
2023-09-03 21:00:26 - Please select pcap!
2023-09-03 21:01:20 - You select: C:\Users\zjy\Desktop\files\192.168.0.178.pcap
2023-09-03 21:01:20 - Out folder: C:\Users\zjy\Desktop\files
2023-09-03 21:01:20 - CICFlowMeter received 1 pcap file
2023-09-03 21:04:17 - You select: C:/Users/zjy/Desktop/files/192.168.0.178.pcap
2023-09-03 21:04:17 - Out folder: C:/Users/zjy/Desktop/files
2023-09-03 21:04:17 - CICFlowMeter received 1 pcap file
2023-09-03 21:12:18 - You select: C:/Users/zjy/Desktop/files/192.168.0.178.pcap
2023-09-03 21:12:18 - Out folder: C:/Users/zjy/Desktop/files
2023-09-03 21:12:18 - CICFlowMeter received 1 pcap file
2023-09-03 21:12:26 - You select: C:/Users/zjy/Desktop/files/192.168.0.178.pcap
2023-09-03 21:12:26 - Out folder: C:/Users/zjy/Desktop/files
2023-09-03 21:12:26 - CICFlowMeter received 1 pcap file
2023-09-03 21:28:59 - You select: C:/Users/zjy/Desktop/files/192.168.0.178.pcap
2023-09-03 21:28:59 - Out folder: C:/Users/zjy/Desktop/files
2023-09-03 21:29:00 - CICFlowMeter received 1 pcap file
2023-09-03 21:40:06 - The pcap file or folder does not exist! -> C:/Users/zjy/Desktop/filesC:/Users/zjy/Desktop/files/192.168.0.178.pcap
2023-09-03 21:40:18 - The out folder does not exist! -> C:/Users/zjy/Desktop/files/192.168.0.178.pcap
2023-09-03 21:41:00 - You select: C:/Users/zjy/Desktop/files/192.168.0.178.pcap
2023-09-03 21:41:00 - Out folder: C:/Users/zjy/Desktop/files
2023-09-03 21:41:00 - CICFlowMeter received 1 pcap file
2023-09-03 22:09:48 - You select: C:/Users/zjy/Desktop/files/192.168.0.178.pcap
2023-09-03 22:09:48 - Out folder: C:/Users/zjy/Desktop/files
2023-09-03 22:09:48 - CICFlowMeter received 1 pcap file
